2024-12-06 16:53:24,862 INFO  [io.quarkus] (Quarkus Main Thread) backendstocks 1.0.0-SNAPSHOT on JVM (powered by Quarkus 3.16.4) started in 3.133s. Listening on: http://localhost:8181
2024-12-06 16:53:24,865 INFO  [io.quarkus] (Quarkus Main Thread) Profile dev activated. Live Coding activated.
2024-12-06 16:53:24,867 INFO  [io.quarkus] (Quarkus Main Thread) Installed features: [cdi, qute, redis-client, rest, smallrye-context-propagation, vertx]
2024-12-06 16:53:29,331 WARN  [io.qua.dep.configuration] (Test runner thread) Configuration property 'quarkus.package.type' has been deprecated and replaced by: [quarkus.package.jar.enabled, quarkus.package.jar.type, quarkus.native.enabled, quarkus.native.sources-only]
2024-12-06 16:53:29,404 WARN  [io.qua.con.build] (Test runner thread) The 'quarkus.log.console.color' config property is deprecated and should not be used anymore
2024-12-06 16:53:30,338 WARN  [io.qua.res.rea.ser.dep.QuarkusServerEndpointIndexer] (build-39) Quarkus detected the use of JSON in JAX-RS method 'stocks.api.StocksApi#getGainers' but no JSON extension has been added. Consider adding 'quarkus-rest-jackson' (recommended) or 'quarkus-rest-jsonb'.
2024-12-06 16:53:30,341 WARN  [io.qua.res.rea.ser.dep.QuarkusServerEndpointIndexer] (build-39) Quarkus detected the use of JSON in JAX-RS method 'stocks.api.StocksApi#getLosers' but no JSON extension has been added. Consider adding 'quarkus-rest-jackson' (recommended) or 'quarkus-rest-jsonb'.
2024-12-06 16:53:30,343 WARN  [io.qua.res.rea.ser.dep.QuarkusServerEndpointIndexer] (build-39) Quarkus detected the use of JSON in JAX-RS method 'stocks.api.StocksApi#getMostActive' but no JSON extension has been added. Consider adding 'quarkus-rest-jackson' (recommended) or 'quarkus-rest-jsonb'.
2024-12-06 16:53:30,345 WARN  [io.qua.res.rea.ser.dep.QuarkusServerEndpointIndexer] (build-39) Quarkus detected the use of JSON in JAX-RS method 'stocks.api.StocksApi#getTrending' but no JSON extension has been added. Consider adding 'quarkus-rest-jackson' (recommended) or 'quarkus-rest-jsonb'.
2024-12-06 16:53:30,348 WARN  [io.qua.res.rea.ser.dep.QuarkusServerEndpointIndexer] (build-39) Quarkus detected the use of JSON in JAX-RS method 'stocks.api.HistoricalStocksApi#getHistoricalData' but no JSON extension has been added. Consider adding 'quarkus-rest-jackson' (recommended) or 'quarkus-rest-jsonb'.
2024-12-06 16:53:30,350 WARN  [io.qua.res.rea.ser.dep.QuarkusServerEndpointIndexer] (build-39) Quarkus detected the use of JSON in JAX-RS method 'stocks.api.CompanyProfileApi#getCompanyProfile' but no JSON extension has been added. Consider adding 'quarkus-rest-jackson' (recommended) or 'quarkus-rest-jsonb'.
2024-12-06 16:53:30,983 INFO  [io.quarkus] (Test runner thread) backendstocks 1.0.0-SNAPSHOT on JVM (powered by Quarkus 3.16.4) started in 1.873s. Listening on: http://localhost:8081
2024-12-06 16:53:30,985 INFO  [io.quarkus] (Test runner thread) Profile test activated. 
2024-12-06 16:53:30,986 INFO  [io.quarkus] (Test runner thread) Installed features: [cdi, qute, redis-client, rest, smallrye-context-propagation, vertx]
2024-12-06 16:53:31,987 INFO  [io.quarkus] (Test runner thread) backendstocks(test application) stopped in 0.020s
2024-12-06 16:53:46,380 INFO  [org.red.Version] (executor-thread-1) Redisson 3.22.0
2024-12-06 16:53:46,478 WARN  [io.net.res.dns.DefaultDnsServerAddressStreamProvider] (executor-thread-1) Default DNS servers: [/8.8.8.8:53, /8.8.4.4:53] (Google Public DNS as a fallback)
2024-12-06 16:53:46,690 INFO  [org.red.con.poo.MasterPubSubConnectionPool] (redisson-netty-2-6) 1 connections initialized for localhost/127.0.0.1:6379
2024-12-06 16:53:46,807 INFO  [org.red.con.poo.MasterConnectionPool] (redisson-netty-2-20) 24 connections initialized for localhost/127.0.0.1:6379
2024-12-06 16:53:56,594 WARNING [org.aes.rea.ter.imp.AbstractWindowsTerminal] (Shutdown thread) Failed to write out.
2024-12-06 16:53:56,593 INFO  [io.quarkus] (Shutdown thread) backendstocks stopped in 0.018s
